/*C6649*/SET SCHEMA PUBLIC
DELETE FROM AMIGO WHERE EMAIL_USUARIO='user1@dominio.com' AND EMAIL_AMIGO='user2@dominio.com'
DELETE FROM AMIGO WHERE EMAIL_USUARIO='user1@dominio.com' AND EMAIL_AMIGO='user3@dominio.com'
DELETE FROM AMIGO WHERE EMAIL_USUARIO='user1@dominio.com' AND EMAIL_AMIGO='user4@dominio.com'
DELETE FROM AMIGO WHERE EMAIL_USUARIO='user1@dominio.com' AND EMAIL_AMIGO='user6@dominio.com'
DELETE FROM AMIGO WHERE EMAIL_USUARIO='user1@dominio.com' AND EMAIL_AMIGO='user7@dominio.com'
DELETE FROM AMIGO WHERE EMAIL_USUARIO='user1@dominio.com' AND EMAIL_AMIGO='user8@dominio.com'
DELETE FROM AMIGO WHERE EMAIL_USUARIO='user1@dominio.com' AND EMAIL_AMIGO='user9@dominio.com'
DELETE FROM AMIGO WHERE EMAIL_USUARIO='user2@dominio.com' AND EMAIL_AMIGO='user1@dominio.com'
DELETE FROM AMIGO WHERE EMAIL_USUARIO='user2@dominio.com' AND EMAIL_AMIGO='user3@dominio.com'
DELETE FROM AMIGO WHERE EMAIL_USUARIO='user2@dominio.com' AND EMAIL_AMIGO='user4@dominio.com'
DELETE FROM AMIGO WHERE EMAIL_USUARIO='user2@dominio.com' AND EMAIL_AMIGO='user5@dominio.com'
DELETE FROM AMIGO WHERE EMAIL_USUARIO='user2@dominio.com' AND EMAIL_AMIGO='user7@dominio.com'
DELETE FROM AMIGO WHERE EMAIL_USUARIO='user2@dominio.com' AND EMAIL_AMIGO='user8@dominio.com'
DELETE FROM AMIGO WHERE EMAIL_USUARIO='user2@dominio.com' AND EMAIL_AMIGO='user9@dominio.com'
DELETE FROM AMIGO WHERE EMAIL_USUARIO='user3@dominio.com' AND EMAIL_AMIGO='user1@dominio.com'
DELETE FROM AMIGO WHERE EMAIL_USUARIO='user3@dominio.com' AND EMAIL_AMIGO='user2@dominio.com'
DELETE FROM AMIGO WHERE EMAIL_USUARIO='user3@dominio.com' AND EMAIL_AMIGO='user4@dominio.com'
DELETE FROM AMIGO WHERE EMAIL_USUARIO='user3@dominio.com' AND EMAIL_AMIGO='user5@dominio.com'
DELETE FROM AMIGO WHERE EMAIL_USUARIO='user3@dominio.com' AND EMAIL_AMIGO='user6@dominio.com'
DELETE FROM AMIGO WHERE EMAIL_USUARIO='user3@dominio.com' AND EMAIL_AMIGO='user7@dominio.com'
DELETE FROM AMIGO WHERE EMAIL_USUARIO='user3@dominio.com' AND EMAIL_AMIGO='user8@dominio.com'
DELETE FROM AMIGO WHERE EMAIL_USUARIO='user3@dominio.com' AND EMAIL_AMIGO='user9@dominio.com'
DELETE FROM AMIGO WHERE EMAIL_USUARIO='user4@dominio.com' AND EMAIL_AMIGO='user1@dominio.com'
DELETE FROM AMIGO WHERE EMAIL_USUARIO='user4@dominio.com' AND EMAIL_AMIGO='user2@dominio.com'
DELETE FROM AMIGO WHERE EMAIL_USUARIO='user4@dominio.com' AND EMAIL_AMIGO='user3@dominio.com'
DELETE FROM AMIGO WHERE EMAIL_USUARIO='user4@dominio.com' AND EMAIL_AMIGO='user5@dominio.com'
DELETE FROM AMIGO WHERE EMAIL_USUARIO='user4@dominio.com' AND EMAIL_AMIGO='user6@dominio.com'
DELETE FROM AMIGO WHERE EMAIL_USUARIO='user4@dominio.com' AND EMAIL_AMIGO='user7@dominio.com'
DELETE FROM AMIGO WHERE EMAIL_USUARIO='user5@dominio.com' AND EMAIL_AMIGO='user2@dominio.com'
DELETE FROM AMIGO WHERE EMAIL_USUARIO='user5@dominio.com' AND EMAIL_AMIGO='user3@dominio.com'
DELETE FROM AMIGO WHERE EMAIL_USUARIO='user5@dominio.com' AND EMAIL_AMIGO='user4@dominio.com'
DELETE FROM AMIGO WHERE EMAIL_USUARIO='user5@dominio.com' AND EMAIL_AMIGO='user6@dominio.com'
DELETE FROM AMIGO WHERE EMAIL_USUARIO='user5@dominio.com' AND EMAIL_AMIGO='user7@dominio.com'
DELETE FROM AMIGO WHERE EMAIL_USUARIO='user5@dominio.com' AND EMAIL_AMIGO='user8@dominio.com'
DELETE FROM AMIGO WHERE EMAIL_USUARIO='user6@dominio.com' AND EMAIL_AMIGO='user1@dominio.com'
DELETE FROM AMIGO WHERE EMAIL_USUARIO='user6@dominio.com' AND EMAIL_AMIGO='user3@dominio.com'
DELETE FROM AMIGO WHERE EMAIL_USUARIO='user6@dominio.com' AND EMAIL_AMIGO='user4@dominio.com'
DELETE FROM AMIGO WHERE EMAIL_USUARIO='user6@dominio.com' AND EMAIL_AMIGO='user5@dominio.com'
DELETE FROM AMIGO WHERE EMAIL_USUARIO='user6@dominio.com' AND EMAIL_AMIGO='user7@dominio.com'
DELETE FROM AMIGO WHERE EMAIL_USUARIO='user6@dominio.com' AND EMAIL_AMIGO='user8@dominio.com'
DELETE FROM AMIGO WHERE EMAIL_USUARIO='user6@dominio.com' AND EMAIL_AMIGO='user9@dominio.com'
DELETE FROM AMIGO WHERE EMAIL_USUARIO='user7@dominio.com' AND EMAIL_AMIGO='user1@dominio.com'
DELETE FROM AMIGO WHERE EMAIL_USUARIO='user7@dominio.com' AND EMAIL_AMIGO='user2@dominio.com'
DELETE FROM AMIGO WHERE EMAIL_USUARIO='user7@dominio.com' AND EMAIL_AMIGO='user3@dominio.com'
DELETE FROM AMIGO WHERE EMAIL_USUARIO='user7@dominio.com' AND EMAIL_AMIGO='user4@dominio.com'
DELETE FROM AMIGO WHERE EMAIL_USUARIO='user7@dominio.com' AND EMAIL_AMIGO='user5@dominio.com'
DELETE FROM AMIGO WHERE EMAIL_USUARIO='user7@dominio.com' AND EMAIL_AMIGO='user6@dominio.com'
DELETE FROM AMIGO WHERE EMAIL_USUARIO='user8@dominio.com' AND EMAIL_AMIGO='user1@dominio.com'
DELETE FROM AMIGO WHERE EMAIL_USUARIO='user8@dominio.com' AND EMAIL_AMIGO='user2@dominio.com'
DELETE FROM AMIGO WHERE EMAIL_USUARIO='user8@dominio.com' AND EMAIL_AMIGO='user3@dominio.com'
DELETE FROM AMIGO WHERE EMAIL_USUARIO='user8@dominio.com' AND EMAIL_AMIGO='user5@dominio.com'
DELETE FROM AMIGO WHERE EMAIL_USUARIO='user8@dominio.com' AND EMAIL_AMIGO='user6@dominio.com'
DELETE FROM AMIGO WHERE EMAIL_USUARIO='user9@dominio.com' AND EMAIL_AMIGO='user1@dominio.com'
DELETE FROM AMIGO WHERE EMAIL_USUARIO='user9@dominio.com' AND EMAIL_AMIGO='user2@dominio.com'
DELETE FROM AMIGO WHERE EMAIL_USUARIO='user9@dominio.com' AND EMAIL_AMIGO='user3@dominio.com'
DELETE FROM AMIGO WHERE EMAIL_USUARIO='user9@dominio.com' AND EMAIL_AMIGO='user6@dominio.com'
COMMIT
DISCONNECT
/*C6650*/SET SCHEMA PUBLIC
DELETE FROM PUBLICACIONES WHERE ID=4099
DELETE FROM PUBLICACIONES WHERE ID=4100
DELETE FROM PUBLICACIONES WHERE ID=4101
DELETE FROM PUBLICACIONES WHERE ID=4102
DELETE FROM PUBLICACIONES WHERE ID=4103
DELETE FROM PUBLICACIONES WHERE ID=4104
DELETE FROM PUBLICACIONES WHERE ID=4105
DELETE FROM PUBLICACIONES WHERE ID=4106
DELETE FROM PUBLICACIONES WHERE ID=4107
DELETE FROM PUBLICACIONES WHERE ID=4108
DELETE FROM PUBLICACIONES WHERE ID=4109
DELETE FROM PUBLICACIONES WHERE ID=4110
DELETE FROM PUBLICACIONES WHERE ID=4111
DELETE FROM PUBLICACIONES WHERE ID=4112
DELETE FROM PUBLICACIONES WHERE ID=4113
DELETE FROM PUBLICACIONES WHERE ID=4114
DELETE FROM PUBLICACIONES WHERE ID=4115
DELETE FROM PUBLICACIONES WHERE ID=4116
DELETE FROM PUBLICACIONES WHERE ID=4117
DELETE FROM PUBLICACIONES WHERE ID=4118
DELETE FROM PUBLICACIONES WHERE ID=4119
DELETE FROM PUBLICACIONES WHERE ID=4120
DELETE FROM PUBLICACIONES WHERE ID=4121
DELETE FROM PUBLICACIONES WHERE ID=4122
DELETE FROM PUBLICACIONES WHERE ID=4123
DELETE FROM PUBLICACIONES WHERE ID=4124
DELETE FROM PUBLICACIONES WHERE ID=4125
DELETE FROM PUBLICACIONES WHERE ID=4126
COMMIT
DISCONNECT
/*C6651*/SET SCHEMA PUBLIC
DELETE FROM USUARIOS WHERE EMAIL='user1@dominio.com'
DELETE FROM USUARIOS WHERE EMAIL='user2@dominio.com'
DELETE FROM USUARIOS WHERE EMAIL='user3@dominio.com'
DELETE FROM USUARIOS WHERE EMAIL='user4@dominio.com'
DELETE FROM USUARIOS WHERE EMAIL='user5@dominio.com'
DELETE FROM USUARIOS WHERE EMAIL='user6@dominio.com'
DELETE FROM USUARIOS WHERE EMAIL='user7@dominio.com'
DELETE FROM USUARIOS WHERE EMAIL='user8@dominio.com'
DELETE FROM USUARIOS WHERE EMAIL='user9@dominio.com'
COMMIT
DISCONNECT
/*C6652*/SET SCHEMA PUBLIC
INSERT INTO USUARIOS VALUES('user1@dominio.com','user1','usuario','user1')
COMMIT
DISCONNECT
/*C6653*/SET SCHEMA PUBLIC
INSERT INTO USUARIOS VALUES('user2@dominio.com','user2','usuario','user2')
COMMIT
DISCONNECT
/*C6654*/SET SCHEMA PUBLIC
INSERT INTO USUARIOS VALUES('user3@dominio.com','user3','usuario','user3')
COMMIT
DISCONNECT
/*C6655*/SET SCHEMA PUBLIC
INSERT INTO USUARIOS VALUES('user4@dominio.com','user4','usuario','user4')
COMMIT
DISCONNECT
/*C6656*/SET SCHEMA PUBLIC
INSERT INTO USUARIOS VALUES('user5@dominio.com','user5','usuario','user5')
COMMIT
DISCONNECT
/*C6657*/SET SCHEMA PUBLIC
INSERT INTO USUARIOS VALUES('user6@dominio.com','user6','usuario','user6')
COMMIT
DISCONNECT
/*C6658*/SET SCHEMA PUBLIC
INSERT INTO USUARIOS VALUES('user7@dominio.com','user7','usuario','user7')
COMMIT
DISCONNECT
/*C6659*/SET SCHEMA PUBLIC
INSERT INTO USUARIOS VALUES('user8@dominio.com','user8','usuario','user8')
COMMIT
DISCONNECT
/*C6660*/SET SCHEMA PUBLIC
INSERT INTO USUARIOS VALUES('user9@dominio.com','user9','usuario','user9')
COMMIT
DISCONNECT
/*C6661*/SET SCHEMA PUBLIC
INSERT INTO PUBLICACIONES VALUES(4127,'user1@dominio.com','Publicacion 1 user 1','Texto publicacion 1 user1',1542116773)
COMMIT
DISCONNECT
/*C6662*/SET SCHEMA PUBLIC
INSERT INTO PUBLICACIONES VALUES(4128,'user1@dominio.com','Publicacion 2 user 1','Texto publicacion 2 user1',1542116773)
COMMIT
DISCONNECT
/*C6663*/SET SCHEMA PUBLIC
INSERT INTO PUBLICACIONES VALUES(4129,'user1@dominio.com','Publicacion 3 user 1','Texto publicacion 3 user1',1542116773)
COMMIT
DISCONNECT
/*C6664*/SET SCHEMA PUBLIC
INSERT INTO PUBLICACIONES VALUES(4130,'user2@dominio.com','Publicacion 1 user 2','Texto publicacion 1 user2',1542116773)
COMMIT
DISCONNECT
/*C6665*/SET SCHEMA PUBLIC
INSERT INTO PUBLICACIONES VALUES(4131,'user2@dominio.com','Publicacion 2 user 2','Texto publicacion 2 user 2',1542116773)
COMMIT
DISCONNECT
/*C6666*/SET SCHEMA PUBLIC
INSERT INTO PUBLICACIONES VALUES(4132,'user2@dominio.com','Publicacion 3 user 2','Texto publicacion 3 user 2',1542116773)
COMMIT
DISCONNECT
/*C6667*/SET SCHEMA PUBLIC
INSERT INTO PUBLICACIONES VALUES(4133,'user3@dominio.com','Publicacion 1 user 3','Texto publicacion 1 user 3',1542116773)
COMMIT
DISCONNECT
/*C6668*/SET SCHEMA PUBLIC
INSERT INTO PUBLICACIONES VALUES(4134,'user3@dominio.com','Publicacion 2 user 3','Texto publicacion 2 user 3',1542116773)
COMMIT
DISCONNECT
/*C6669*/SET SCHEMA PUBLIC
INSERT INTO PUBLICACIONES VALUES(4135,'user3@dominio.com','Publicacion 3 user 3','Texto publicacion 3 user 3',1542116773)
COMMIT
DISCONNECT
/*C6670*/SET SCHEMA PUBLIC
INSERT INTO PUBLICACIONES VALUES(4136,'user4@dominio.com','Publicacion 1 user 4','Texto publicacion 1 user 4',1542116773)
COMMIT
DISCONNECT
/*C6671*/SET SCHEMA PUBLIC
INSERT INTO PUBLICACIONES VALUES(4137,'user4@dominio.com','Publicacion 2 user 4','Texto publicacion 2 user 4',1542116773)
COMMIT
DISCONNECT
/*C6672*/SET SCHEMA PUBLIC
INSERT INTO PUBLICACIONES VALUES(4138,'user4@dominio.com','Publicacion 3 user 4','Texto publicacion 3 user 4',1542116773)
COMMIT
DISCONNECT
/*C6673*/SET SCHEMA PUBLIC
INSERT INTO PUBLICACIONES VALUES(4139,'user5@dominio.com','Publicacion 1 user 5','Texto publicacion 1 user 5',1542116773)
COMMIT
DISCONNECT
/*C6674*/SET SCHEMA PUBLIC
INSERT INTO PUBLICACIONES VALUES(4140,'user5@dominio.com','Publicacion 2 user 5','Texto publicacion 2 user 5',1542116773)
COMMIT
DISCONNECT
/*C6675*/SET SCHEMA PUBLIC
INSERT INTO PUBLICACIONES VALUES(4141,'user5@dominio.com','Publicacion 3 user 5','Texto publicacion 3 user 5',1542116773)
COMMIT
DISCONNECT
/*C6676*/SET SCHEMA PUBLIC
INSERT INTO PUBLICACIONES VALUES(4142,'user6@dominio.com','Publicacion 1 user 6','Texto publicacion 1 user 6',1542116773)
COMMIT
DISCONNECT
/*C6677*/SET SCHEMA PUBLIC
INSERT INTO PUBLICACIONES VALUES(4143,'user6@dominio.com','Publicacion 2 user 6','Texto publicacion 2 user 6',1542116773)
COMMIT
DISCONNECT
/*C6678*/SET SCHEMA PUBLIC
INSERT INTO PUBLICACIONES VALUES(4144,'user6@dominio.com','Publicacion 3 user 6','Texto publicacion 3 user 6',1542116773)
COMMIT
DISCONNECT
/*C6679*/SET SCHEMA PUBLIC
INSERT INTO PUBLICACIONES VALUES(4145,'user7@dominio.com','Publicacion 1 user 7','Texto publicacion 1 user 7',1542116773)
COMMIT
DISCONNECT
/*C6680*/SET SCHEMA PUBLIC
INSERT INTO PUBLICACIONES VALUES(4146,'user7@dominio.com','Publicacion 2 user 7','Texto publicacion 2 user 7',1542116773)
COMMIT
DISCONNECT
/*C6681*/SET SCHEMA PUBLIC
INSERT INTO PUBLICACIONES VALUES(4147,'user7@dominio.com','Publicacion 3 user 7','Texto publicacion 3 user 7',1542116773)
COMMIT
DISCONNECT
/*C6682*/SET SCHEMA PUBLIC
INSERT INTO PUBLICACIONES VALUES(4148,'user8@dominio.com','Publicacion 1 user 8','Texto publicacion 1 user 8',1542116773)
COMMIT
DISCONNECT
/*C6683*/SET SCHEMA PUBLIC
INSERT INTO PUBLICACIONES VALUES(4149,'user8@dominio.com','Publicacion 2 user 8','Texto publicacion 2 user 8',1542116773)
COMMIT
DISCONNECT
/*C6684*/SET SCHEMA PUBLIC
INSERT INTO PUBLICACIONES VALUES(4150,'user8@dominio.com','Publicacion 3 user 8','Texto publicacion 3 user 8',1542116773)
COMMIT
DISCONNECT
/*C6685*/SET SCHEMA PUBLIC
INSERT INTO PUBLICACIONES VALUES(4151,'user9@dominio.com','Publicacion 1 user 9','Texto publicacion 1 user 9',1542116773)
COMMIT
DISCONNECT
/*C6686*/SET SCHEMA PUBLIC
INSERT INTO PUBLICACIONES VALUES(4152,'user9@dominio.com','Publicacion 2 user 9','Texto publicacion 2 user 9',1542116773)
COMMIT
DISCONNECT
/*C6687*/SET SCHEMA PUBLIC
INSERT INTO PUBLICACIONES VALUES(4153,'user9@dominio.com','Publicacion 3 user 9','Texto publicacion 3 user 9',1542116773)
COMMIT
DISCONNECT
/*C6688*/SET SCHEMA PUBLIC
INSERT INTO AMIGO VALUES('user1@dominio.com','user2@dominio.com','1')
COMMIT
INSERT INTO AMIGO VALUES('user2@dominio.com','user1@dominio.com','1')
COMMIT
DISCONNECT
/*C6689*/SET SCHEMA PUBLIC
INSERT INTO AMIGO VALUES('user1@dominio.com','user3@dominio.com','1')
COMMIT
INSERT INTO AMIGO VALUES('user3@dominio.com','user1@dominio.com','1')
COMMIT
DISCONNECT
/*C6690*/SET SCHEMA PUBLIC
INSERT INTO AMIGO VALUES('user1@dominio.com','user4@dominio.com','1')
COMMIT
INSERT INTO AMIGO VALUES('user4@dominio.com','user1@dominio.com','1')
COMMIT
DISCONNECT
/*C6691*/SET SCHEMA PUBLIC
INSERT INTO AMIGO VALUES('user2@dominio.com','user3@dominio.com','1')
COMMIT
INSERT INTO AMIGO VALUES('user3@dominio.com','user2@dominio.com','1')
COMMIT
DISCONNECT
/*C6692*/SET SCHEMA PUBLIC
INSERT INTO AMIGO VALUES('user2@dominio.com','user4@dominio.com','1')
COMMIT
INSERT INTO AMIGO VALUES('user4@dominio.com','user2@dominio.com','1')
COMMIT
DISCONNECT
/*C6693*/SET SCHEMA PUBLIC
INSERT INTO AMIGO VALUES('user2@dominio.com','user5@dominio.com','1')
COMMIT
INSERT INTO AMIGO VALUES('user5@dominio.com','user2@dominio.com','1')
COMMIT
DISCONNECT
/*C6694*/SET SCHEMA PUBLIC
INSERT INTO AMIGO VALUES('user3@dominio.com','user4@dominio.com','1')
COMMIT
INSERT INTO AMIGO VALUES('user4@dominio.com','user3@dominio.com','1')
COMMIT
DISCONNECT
/*C6695*/SET SCHEMA PUBLIC
INSERT INTO AMIGO VALUES('user3@dominio.com','user5@dominio.com','1')
COMMIT
INSERT INTO AMIGO VALUES('user5@dominio.com','user3@dominio.com','1')
COMMIT
DISCONNECT
/*C6696*/SET SCHEMA PUBLIC
INSERT INTO AMIGO VALUES('user3@dominio.com','user6@dominio.com','1')
COMMIT
INSERT INTO AMIGO VALUES('user6@dominio.com','user3@dominio.com','1')
COMMIT
DISCONNECT
/*C6697*/SET SCHEMA PUBLIC
INSERT INTO AMIGO VALUES('user4@dominio.com','user5@dominio.com','1')
COMMIT
INSERT INTO AMIGO VALUES('user5@dominio.com','user4@dominio.com','1')
COMMIT
DISCONNECT
/*C6698*/SET SCHEMA PUBLIC
INSERT INTO AMIGO VALUES('user4@dominio.com','user6@dominio.com','1')
COMMIT
INSERT INTO AMIGO VALUES('user6@dominio.com','user4@dominio.com','1')
COMMIT
DISCONNECT
/*C6699*/SET SCHEMA PUBLIC
INSERT INTO AMIGO VALUES('user4@dominio.com','user7@dominio.com','1')
COMMIT
INSERT INTO AMIGO VALUES('user7@dominio.com','user4@dominio.com','1')
COMMIT
DISCONNECT
/*C6700*/SET SCHEMA PUBLIC
INSERT INTO AMIGO VALUES('user5@dominio.com','user6@dominio.com','1')
COMMIT
INSERT INTO AMIGO VALUES('user6@dominio.com','user5@dominio.com','1')
COMMIT
DISCONNECT
/*C6701*/SET SCHEMA PUBLIC
INSERT INTO AMIGO VALUES('user5@dominio.com','user7@dominio.com','1')
COMMIT
INSERT INTO AMIGO VALUES('user7@dominio.com','user5@dominio.com','1')
COMMIT
DISCONNECT
/*C6702*/SET SCHEMA PUBLIC
INSERT INTO AMIGO VALUES('user5@dominio.com','user8@dominio.com','1')
COMMIT
INSERT INTO AMIGO VALUES('user8@dominio.com','user5@dominio.com','1')
COMMIT
DISCONNECT
/*C6703*/SET SCHEMA PUBLIC
INSERT INTO AMIGO VALUES('user6@dominio.com','user7@dominio.com','1')
COMMIT
INSERT INTO AMIGO VALUES('user7@dominio.com','user6@dominio.com','1')
COMMIT
DISCONNECT
/*C6704*/SET SCHEMA PUBLIC
INSERT INTO AMIGO VALUES('user6@dominio.com','user8@dominio.com','1')
COMMIT
INSERT INTO AMIGO VALUES('user8@dominio.com','user6@dominio.com','1')
COMMIT
DISCONNECT
/*C6705*/SET SCHEMA PUBLIC
INSERT INTO AMIGO VALUES('user6@dominio.com','user9@dominio.com','1')
COMMIT
INSERT INTO AMIGO VALUES('user9@dominio.com','user6@dominio.com','1')
COMMIT
DISCONNECT
/*C6706*/SET SCHEMA PUBLIC
INSERT INTO AMIGO VALUES('user7@dominio.com','user1@dominio.com','1')
COMMIT
INSERT INTO AMIGO VALUES('user1@dominio.com','user7@dominio.com','1')
COMMIT
DISCONNECT
/*C6707*/SET SCHEMA PUBLIC
INSERT INTO AMIGO VALUES('user7@dominio.com','user2@dominio.com','1')
COMMIT
INSERT INTO AMIGO VALUES('user2@dominio.com','user7@dominio.com','1')
COMMIT
DISCONNECT
/*C6708*/SET SCHEMA PUBLIC
INSERT INTO AMIGO VALUES('user7@dominio.com','user3@dominio.com','1')
COMMIT
INSERT INTO AMIGO VALUES('user3@dominio.com','user7@dominio.com','1')
COMMIT
DISCONNECT
/*C6709*/SET SCHEMA PUBLIC
INSERT INTO AMIGO VALUES('user8@dominio.com','user1@dominio.com','1')
COMMIT
INSERT INTO AMIGO VALUES('user1@dominio.com','user8@dominio.com','1')
COMMIT
DISCONNECT
/*C6710*/SET SCHEMA PUBLIC
INSERT INTO AMIGO VALUES('user8@dominio.com','user2@dominio.com','1')
COMMIT
INSERT INTO AMIGO VALUES('user2@dominio.com','user8@dominio.com','1')
COMMIT
DISCONNECT
/*C6711*/SET SCHEMA PUBLIC
INSERT INTO AMIGO VALUES('user8@dominio.com','user3@dominio.com','1')
COMMIT
INSERT INTO AMIGO VALUES('user3@dominio.com','user8@dominio.com','1')
COMMIT
DISCONNECT
/*C6712*/SET SCHEMA PUBLIC
INSERT INTO AMIGO VALUES('user9@dominio.com','user1@dominio.com','1')
COMMIT
INSERT INTO AMIGO VALUES('user1@dominio.com','user9@dominio.com','1')
COMMIT
DISCONNECT
/*C6713*/SET SCHEMA PUBLIC
INSERT INTO AMIGO VALUES('user9@dominio.com','user2@dominio.com','1')
COMMIT
INSERT INTO AMIGO VALUES('user2@dominio.com','user9@dominio.com','1')
COMMIT
DISCONNECT
/*C6714*/SET SCHEMA PUBLIC
INSERT INTO AMIGO VALUES('user9@dominio.com','user3@dominio.com','1')
COMMIT
INSERT INTO AMIGO VALUES('user3@dominio.com','user9@dominio.com','1')
COMMIT
DISCONNECT
/*C6715*/SET SCHEMA PUBLIC
DISCONNECT
/*C6716*/SET SCHEMA PUBLIC
DISCONNECT
/*C6717*/SET SCHEMA PUBLIC
DISCONNECT
/*C6718*/SET SCHEMA PUBLIC
DISCONNECT
/*C6719*/SET SCHEMA PUBLIC
DISCONNECT
/*C6720*/SET SCHEMA PUBLIC
DISCONNECT
/*C6721*/SET SCHEMA PUBLIC
DISCONNECT
/*C6722*/SET SCHEMA PUBLIC
DISCONNECT
/*C6723*/SET SCHEMA PUBLIC
DISCONNECT
/*C6724*/SET SCHEMA PUBLIC
DISCONNECT
/*C6725*/SET SCHEMA PUBLIC
DISCONNECT
/*C6726*/SET SCHEMA PUBLIC
DISCONNECT
/*C6727*/SET SCHEMA PUBLIC
DISCONNECT
/*C6728*/SET SCHEMA PUBLIC
DISCONNECT
/*C6729*/SET SCHEMA PUBLIC
DISCONNECT
/*C6730*/SET SCHEMA PUBLIC
DISCONNECT
/*C6731*/SET SCHEMA PUBLIC
DISCONNECT
/*C6732*/SET SCHEMA PUBLIC
DISCONNECT
/*C6733*/SET SCHEMA PUBLIC
DISCONNECT
/*C6734*/SET SCHEMA PUBLIC
DISCONNECT
/*C6735*/SET SCHEMA PUBLIC
DISCONNECT
/*C6736*/SET SCHEMA PUBLIC
DISCONNECT
/*C6737*/SET SCHEMA PUBLIC
DISCONNECT
/*C6738*/SET SCHEMA PUBLIC
DISCONNECT
/*C6739*/SET SCHEMA PUBLIC
DISCONNECT
/*C6740*/SET SCHEMA PUBLIC
DISCONNECT
/*C6741*/SET SCHEMA PUBLIC
DISCONNECT
/*C6742*/SET SCHEMA PUBLIC
DISCONNECT
/*C6743*/SET SCHEMA PUBLIC
DISCONNECT
/*C6744*/SET SCHEMA PUBLIC
DISCONNECT
/*C6745*/SET SCHEMA PUBLIC
DISCONNECT
/*C6746*/SET SCHEMA PUBLIC
DISCONNECT
/*C6747*/SET SCHEMA PUBLIC
DISCONNECT
/*C6748*/SET SCHEMA PUBLIC
DISCONNECT
/*C6749*/SET SCHEMA PUBLIC
DISCONNECT
/*C6750*/SET SCHEMA PUBLIC
DISCONNECT
/*C6751*/SET SCHEMA PUBLIC
DISCONNECT
/*C6752*/SET SCHEMA PUBLIC
DISCONNECT
/*C6753*/SET SCHEMA PUBLIC
DISCONNECT
/*C6754*/SET SCHEMA PUBLIC
DISCONNECT
/*C6755*/SET SCHEMA PUBLIC
DISCONNECT
/*C6756*/SET SCHEMA PUBLIC
DISCONNECT
/*C6757*/SET SCHEMA PUBLIC
DISCONNECT
/*C6758*/SET SCHEMA PUBLIC
DISCONNECT
/*C6759*/SET SCHEMA PUBLIC
DISCONNECT
/*C6760*/SET SCHEMA PUBLIC
DISCONNECT
/*C6761*/SET SCHEMA PUBLIC
DISCONNECT
/*C6762*/SET SCHEMA PUBLIC
DISCONNECT
/*C6763*/SET SCHEMA PUBLIC
DISCONNECT
/*C6764*/SET SCHEMA PUBLIC
DISCONNECT
/*C6765*/SET SCHEMA PUBLIC
DISCONNECT
/*C6766*/SET SCHEMA PUBLIC
DISCONNECT
/*C6767*/SET SCHEMA PUBLIC
DISCONNECT
/*C6768*/SET SCHEMA PUBLIC
DISCONNECT
/*C6769*/SET SCHEMA PUBLIC
DISCONNECT
/*C6770*/SET SCHEMA PUBLIC
DISCONNECT
/*C6771*/SET SCHEMA PUBLIC
DISCONNECT
/*C6772*/SET SCHEMA PUBLIC
DISCONNECT
/*C6773*/SET SCHEMA PUBLIC
DISCONNECT
/*C6774*/SET SCHEMA PUBLIC
DISCONNECT
/*C6775*/SET SCHEMA PUBLIC
DISCONNECT
/*C6776*/SET SCHEMA PUBLIC
DISCONNECT
/*C6777*/SET SCHEMA PUBLIC
DISCONNECT
/*C6778*/SET SCHEMA PUBLIC
DISCONNECT
/*C6779*/SET SCHEMA PUBLIC
DISCONNECT
/*C6780*/SET SCHEMA PUBLIC
DISCONNECT
/*C6781*/SET SCHEMA PUBLIC
DISCONNECT
/*C6782*/SET SCHEMA PUBLIC
DISCONNECT
/*C6783*/SET SCHEMA PUBLIC
DISCONNECT
/*C6784*/SET SCHEMA PUBLIC
DISCONNECT
/*C6785*/SET SCHEMA PUBLIC
DISCONNECT
/*C6786*/SET SCHEMA PUBLIC
DISCONNECT
/*C6787*/SET SCHEMA PUBLIC
DISCONNECT
/*C6788*/SET SCHEMA PUBLIC
DISCONNECT
/*C6789*/SET SCHEMA PUBLIC
DISCONNECT
/*C6790*/SET SCHEMA PUBLIC
DISCONNECT
/*C6791*/SET SCHEMA PUBLIC
DISCONNECT
/*C6792*/SET SCHEMA PUBLIC
DISCONNECT
/*C6793*/SET SCHEMA PUBLIC
DISCONNECT
/*C6794*/SET SCHEMA PUBLIC
DISCONNECT
/*C6795*/SET SCHEMA PUBLIC
DISCONNECT
/*C6796*/SET SCHEMA PUBLIC
DISCONNECT
/*C6797*/SET SCHEMA PUBLIC
DISCONNECT
/*C6798*/SET SCHEMA PUBLIC
DISCONNECT
/*C6799*/SET SCHEMA PUBLIC
DISCONNECT
/*C6800*/SET SCHEMA PUBLIC
DISCONNECT
/*C6801*/SET SCHEMA PUBLIC
DISCONNECT
/*C6802*/SET SCHEMA PUBLIC
DISCONNECT
/*C6803*/SET SCHEMA PUBLIC
DISCONNECT
/*C6804*/SET SCHEMA PUBLIC
DISCONNECT
/*C6805*/SET SCHEMA PUBLIC
DISCONNECT
/*C6806*/SET SCHEMA PUBLIC
DISCONNECT
/*C6807*/SET SCHEMA PUBLIC
DISCONNECT
/*C6808*/SET SCHEMA PUBLIC
DISCONNECT
/*C6809*/SET SCHEMA PUBLIC
DISCONNECT
/*C6810*/SET SCHEMA PUBLIC
DISCONNECT
/*C6811*/SET SCHEMA PUBLIC
DISCONNECT
/*C6812*/SET SCHEMA PUBLIC
DISCONNECT
/*C6813*/SET SCHEMA PUBLIC
DISCONNECT
/*C6814*/SET SCHEMA PUBLIC
DISCONNECT
/*C6815*/SET SCHEMA PUBLIC
DISCONNECT
/*C6816*/SET SCHEMA PUBLIC
DISCONNECT
/*C6817*/SET SCHEMA PUBLIC
DISCONNECT
/*C6818*/SET SCHEMA PUBLIC
DISCONNECT
/*C6819*/SET SCHEMA PUBLIC
DISCONNECT
/*C6820*/SET SCHEMA PUBLIC
DISCONNECT
/*C6821*/SET SCHEMA PUBLIC
DISCONNECT
/*C6822*/SET SCHEMA PUBLIC
DISCONNECT
/*C6823*/SET SCHEMA PUBLIC
DISCONNECT
/*C6824*/SET SCHEMA PUBLIC
DISCONNECT
/*C6825*/SET SCHEMA PUBLIC
DISCONNECT
/*C6826*/SET SCHEMA PUBLIC
DISCONNECT
/*C6827*/SET SCHEMA PUBLIC
DISCONNECT
/*C6828*/SET SCHEMA PUBLIC
DISCONNECT
/*C6829*/SET SCHEMA PUBLIC
DISCONNECT
/*C6830*/SET SCHEMA PUBLIC
DISCONNECT
/*C6831*/SET SCHEMA PUBLIC
DISCONNECT
/*C6832*/SET SCHEMA PUBLIC
DISCONNECT
/*C6833*/SET SCHEMA PUBLIC
DISCONNECT
/*C6834*/SET SCHEMA PUBLIC
DISCONNECT
/*C6835*/SET SCHEMA PUBLIC
DISCONNECT
/*C6836*/SET SCHEMA PUBLIC
DISCONNECT
/*C6837*/SET SCHEMA PUBLIC
DISCONNECT
/*C6838*/SET SCHEMA PUBLIC
DISCONNECT
/*C6839*/SET SCHEMA PUBLIC
DISCONNECT
/*C6840*/SET SCHEMA PUBLIC
DISCONNECT
/*C6841*/SET SCHEMA PUBLIC
DISCONNECT
/*C6842*/SET SCHEMA PUBLIC
DISCONNECT
/*C6843*/SET SCHEMA PUBLIC
DISCONNECT
/*C6844*/SET SCHEMA PUBLIC
DISCONNECT
/*C6845*/SET SCHEMA PUBLIC
DISCONNECT
/*C6846*/SET SCHEMA PUBLIC
DISCONNECT
/*C6847*/SET SCHEMA PUBLIC
DISCONNECT
/*C6848*/SET SCHEMA PUBLIC
DISCONNECT
/*C6849*/SET SCHEMA PUBLIC
DISCONNECT
/*C6850*/SET SCHEMA PUBLIC
DISCONNECT
/*C6851*/SET SCHEMA PUBLIC
DISCONNECT
/*C6852*/SET SCHEMA PUBLIC
DISCONNECT
/*C6853*/SET SCHEMA PUBLIC
DISCONNECT
/*C6854*/SET SCHEMA PUBLIC
DISCONNECT
/*C6855*/SET SCHEMA PUBLIC
DISCONNECT
/*C6856*/SET SCHEMA PUBLIC
DISCONNECT
/*C6857*/SET SCHEMA PUBLIC
DISCONNECT
/*C6858*/SET SCHEMA PUBLIC
DISCONNECT
/*C6859*/SET SCHEMA PUBLIC
DISCONNECT
/*C6860*/SET SCHEMA PUBLIC
DISCONNECT
/*C6861*/SET SCHEMA PUBLIC
DISCONNECT
/*C6862*/SET SCHEMA PUBLIC
DISCONNECT
/*C6863*/SET SCHEMA PUBLIC
DISCONNECT
/*C6864*/SET SCHEMA PUBLIC
DISCONNECT
/*C6865*/SET SCHEMA PUBLIC
DISCONNECT
/*C6866*/SET SCHEMA PUBLIC
DISCONNECT
/*C6867*/SET SCHEMA PUBLIC
DISCONNECT
/*C6868*/SET SCHEMA PUBLIC
DISCONNECT
/*C6869*/SET SCHEMA PUBLIC
DISCONNECT
/*C6870*/SET SCHEMA PUBLIC
DISCONNECT
/*C6871*/SET SCHEMA PUBLIC
DISCONNECT
/*C6872*/SET SCHEMA PUBLIC
DISCONNECT
/*C6873*/SET SCHEMA PUBLIC
DISCONNECT
/*C6874*/SET SCHEMA PUBLIC
DISCONNECT
/*C6875*/SET SCHEMA PUBLIC
DISCONNECT
/*C6876*/SET SCHEMA PUBLIC
DISCONNECT
/*C6877*/SET SCHEMA PUBLIC
DISCONNECT
/*C6878*/SET SCHEMA PUBLIC
DISCONNECT
/*C6879*/SET SCHEMA PUBLIC
DISCONNECT
/*C6880*/SET SCHEMA PUBLIC
DISCONNECT
/*C6881*/SET SCHEMA PUBLIC
DISCONNECT
/*C6882*/SET SCHEMA PUBLIC
DISCONNECT
/*C6883*/SET SCHEMA PUBLIC
DISCONNECT
/*C6884*/SET SCHEMA PUBLIC
DISCONNECT
/*C6885*/SET SCHEMA PUBLIC
DISCONNECT
/*C6886*/SET SCHEMA PUBLIC
DISCONNECT
/*C6887*/SET SCHEMA PUBLIC
DISCONNECT
/*C6888*/SET SCHEMA PUBLIC
DISCONNECT
/*C6889*/SET SCHEMA PUBLIC
DISCONNECT
/*C6890*/SET SCHEMA PUBLIC
DISCONNECT
/*C6891*/SET SCHEMA PUBLIC
DISCONNECT
/*C6892*/SET SCHEMA PUBLIC
DISCONNECT
/*C6893*/SET SCHEMA PUBLIC
DISCONNECT
/*C6894*/SET SCHEMA PUBLIC
DISCONNECT
/*C6895*/SET SCHEMA PUBLIC
DISCONNECT
/*C6896*/SET SCHEMA PUBLIC
DISCONNECT
/*C6897*/SET SCHEMA PUBLIC
DISCONNECT
/*C6898*/SET SCHEMA PUBLIC
DISCONNECT
/*C6899*/SET SCHEMA PUBLIC
DISCONNECT
/*C6900*/SET SCHEMA PUBLIC
DISCONNECT
/*C6901*/SET SCHEMA PUBLIC
DISCONNECT
/*C6902*/SET SCHEMA PUBLIC
DISCONNECT
/*C6903*/SET SCHEMA PUBLIC
DISCONNECT
/*C6904*/SET SCHEMA PUBLIC
DISCONNECT
/*C6905*/SET SCHEMA PUBLIC
DISCONNECT
/*C6906*/SET SCHEMA PUBLIC
DISCONNECT
/*C6907*/SET SCHEMA PUBLIC
DISCONNECT
/*C6908*/SET SCHEMA PUBLIC
DISCONNECT
/*C6909*/SET SCHEMA PUBLIC
DISCONNECT
/*C6910*/SET SCHEMA PUBLIC
DISCONNECT
/*C6911*/SET SCHEMA PUBLIC
DISCONNECT
/*C6912*/SET SCHEMA PUBLIC
DISCONNECT
/*C6913*/SET SCHEMA PUBLIC
DISCONNECT
/*C6914*/SET SCHEMA PUBLIC
DISCONNECT
/*C6915*/SET SCHEMA PUBLIC
DISCONNECT
/*C6916*/SET SCHEMA PUBLIC
DISCONNECT
/*C6917*/SET SCHEMA PUBLIC
DISCONNECT
/*C6918*/SET SCHEMA PUBLIC
DISCONNECT
/*C6919*/SET SCHEMA PUBLIC
DISCONNECT
/*C6920*/SET SCHEMA PUBLIC
DISCONNECT
/*C6921*/SET SCHEMA PUBLIC
DISCONNECT
/*C6922*/SET SCHEMA PUBLIC
DISCONNECT
/*C6923*/SET SCHEMA PUBLIC
DISCONNECT
/*C6924*/SET SCHEMA PUBLIC
DISCONNECT
/*C6925*/SET SCHEMA PUBLIC
DISCONNECT
/*C6926*/SET SCHEMA PUBLIC
DISCONNECT
/*C6927*/SET SCHEMA PUBLIC
DISCONNECT
/*C6928*/SET SCHEMA PUBLIC
DISCONNECT
/*C6929*/SET SCHEMA PUBLIC
DISCONNECT
/*C6930*/SET SCHEMA PUBLIC
DISCONNECT
/*C6931*/SET SCHEMA PUBLIC
DISCONNECT
/*C6932*/SET SCHEMA PUBLIC
DISCONNECT
/*C6933*/SET SCHEMA PUBLIC
DISCONNECT
/*C6934*/SET SCHEMA PUBLIC
DISCONNECT
/*C6935*/SET SCHEMA PUBLIC
DISCONNECT
/*C6936*/SET SCHEMA PUBLIC
DISCONNECT
/*C6937*/SET SCHEMA PUBLIC
DISCONNECT
/*C6938*/SET SCHEMA PUBLIC
DISCONNECT
/*C6939*/SET SCHEMA PUBLIC
DISCONNECT
/*C6941*/SET SCHEMA PUBLIC
DISCONNECT
/*C6940*/SET SCHEMA PUBLIC
DISCONNECT
/*C6943*/SET SCHEMA PUBLIC
DISCONNECT
/*C6942*/SET SCHEMA PUBLIC
DISCONNECT
/*C6944*/SET SCHEMA PUBLIC
DISCONNECT
/*C6945*/SET SCHEMA PUBLIC
DISCONNECT
/*C6946*/SET SCHEMA PUBLIC
DISCONNECT
/*C6947*/SET SCHEMA PUBLIC
DISCONNECT
/*C6948*/SET SCHEMA PUBLIC
DISCONNECT
/*C6949*/SET SCHEMA PUBLIC
DISCONNECT
/*C6950*/SET SCHEMA PUBLIC
DISCONNECT
/*C6951*/SET SCHEMA PUBLIC
DISCONNECT
/*C6952*/SET SCHEMA PUBLIC
DISCONNECT
/*C6953*/SET SCHEMA PUBLIC
DISCONNECT
/*C6954*/SET SCHEMA PUBLIC
DISCONNECT
/*C6955*/SET SCHEMA PUBLIC
DISCONNECT
/*C6956*/SET SCHEMA PUBLIC
DISCONNECT
/*C6957*/SET SCHEMA PUBLIC
DISCONNECT
/*C6958*/SET SCHEMA PUBLIC
DISCONNECT
/*C6959*/SET SCHEMA PUBLIC
DISCONNECT
/*C6960*/SET SCHEMA PUBLIC
DISCONNECT
/*C6961*/SET SCHEMA PUBLIC
DISCONNECT
/*C6962*/SET SCHEMA PUBLIC
DISCONNECT
/*C6963*/SET SCHEMA PUBLIC
DISCONNECT
/*C6964*/SET SCHEMA PUBLIC
DISCONNECT
/*C6965*/SET SCHEMA PUBLIC
DISCONNECT
/*C6966*/SET SCHEMA PUBLIC
DISCONNECT
/*C6967*/SET SCHEMA PUBLIC
DISCONNECT
/*C6968*/SET SCHEMA PUBLIC
DISCONNECT
/*C6969*/SET SCHEMA PUBLIC
DISCONNECT
/*C6970*/SET SCHEMA PUBLIC
DISCONNECT
/*C6971*/SET SCHEMA PUBLIC
DISCONNECT
/*C6972*/SET SCHEMA PUBLIC
DISCONNECT
/*C6973*/SET SCHEMA PUBLIC
DISCONNECT
/*C6974*/SET SCHEMA PUBLIC
DISCONNECT
/*C6975*/SET SCHEMA PUBLIC
DISCONNECT
/*C6976*/SET SCHEMA PUBLIC
DISCONNECT
/*C6977*/SET SCHEMA PUBLIC
DISCONNECT
/*C6978*/SET SCHEMA PUBLIC
DISCONNECT
/*C6979*/SET SCHEMA PUBLIC
DISCONNECT
/*C6980*/SET SCHEMA PUBLIC
DISCONNECT
/*C6981*/SET SCHEMA PUBLIC
DISCONNECT
/*C6982*/SET SCHEMA PUBLIC
DISCONNECT
/*C6983*/SET SCHEMA PUBLIC
DISCONNECT
/*C6984*/SET SCHEMA PUBLIC
DISCONNECT
/*C6985*/SET SCHEMA PUBLIC
DISCONNECT
/*C6986*/SET SCHEMA PUBLIC
DISCONNECT
/*C6987*/SET SCHEMA PUBLIC
DISCONNECT
/*C6988*/SET SCHEMA PUBLIC
DISCONNECT
/*C6989*/SET SCHEMA PUBLIC
DISCONNECT
/*C6990*/SET SCHEMA PUBLIC
DISCONNECT
/*C6991*/SET SCHEMA PUBLIC
DISCONNECT
/*C6992*/SET SCHEMA PUBLIC
DISCONNECT
/*C6993*/SET SCHEMA PUBLIC
DISCONNECT
/*C6994*/SET SCHEMA PUBLIC
DISCONNECT
/*C6995*/SET SCHEMA PUBLIC
DISCONNECT
/*C6996*/SET SCHEMA PUBLIC
DISCONNECT
/*C6997*/SET SCHEMA PUBLIC
DISCONNECT
/*C6998*/SET SCHEMA PUBLIC
DISCONNECT
/*C6999*/SET SCHEMA PUBLIC
DISCONNECT
/*C7000*/SET SCHEMA PUBLIC
DISCONNECT
/*C7001*/SET SCHEMA PUBLIC
DISCONNECT
/*C7002*/SET SCHEMA PUBLIC
DISCONNECT
/*C7003*/SET SCHEMA PUBLIC
DISCONNECT
/*C7004*/SET SCHEMA PUBLIC
DISCONNECT
/*C7005*/SET SCHEMA PUBLIC
DISCONNECT
/*C7006*/SET SCHEMA PUBLIC
DISCONNECT
/*C7007*/SET SCHEMA PUBLIC
DISCONNECT
/*C7008*/SET SCHEMA PUBLIC
DISCONNECT
/*C7009*/SET SCHEMA PUBLIC
DISCONNECT
/*C7010*/SET SCHEMA PUBLIC
DISCONNECT
/*C7011*/SET SCHEMA PUBLIC
DISCONNECT
/*C7012*/SET SCHEMA PUBLIC
DISCONNECT
/*C7013*/SET SCHEMA PUBLIC
DISCONNECT
/*C7014*/SET SCHEMA PUBLIC
DISCONNECT
/*C7015*/SET SCHEMA PUBLIC
DISCONNECT
/*C7016*/SET SCHEMA PUBLIC
DISCONNECT
/*C7017*/SET SCHEMA PUBLIC
DISCONNECT
/*C7018*/SET SCHEMA PUBLIC
DISCONNECT
/*C7019*/SET SCHEMA PUBLIC
DISCONNECT
/*C7020*/SET SCHEMA PUBLIC
DISCONNECT
/*C7021*/SET SCHEMA PUBLIC
DISCONNECT
/*C7022*/SET SCHEMA PUBLIC
DISCONNECT
/*C7023*/SET SCHEMA PUBLIC
DISCONNECT
/*C7024*/SET SCHEMA PUBLIC
DISCONNECT
/*C7025*/SET SCHEMA PUBLIC
DISCONNECT
/*C7026*/SET SCHEMA PUBLIC
DISCONNECT
/*C7027*/SET SCHEMA PUBLIC
DISCONNECT
/*C7028*/SET SCHEMA PUBLIC
DISCONNECT
/*C7029*/SET SCHEMA PUBLIC
DISCONNECT
/*C7030*/SET SCHEMA PUBLIC
DISCONNECT
/*C7031*/SET SCHEMA PUBLIC
DISCONNECT
/*C7032*/SET SCHEMA PUBLIC
DISCONNECT
/*C7033*/SET SCHEMA PUBLIC
DISCONNECT
/*C7034*/SET SCHEMA PUBLIC
DISCONNECT
/*C7035*/SET SCHEMA PUBLIC
DISCONNECT
/*C7036*/SET SCHEMA PUBLIC
DISCONNECT
/*C7037*/SET SCHEMA PUBLIC
DISCONNECT
/*C7038*/SET SCHEMA PUBLIC
DISCONNECT
/*C7039*/SET SCHEMA PUBLIC
DISCONNECT
/*C7040*/SET SCHEMA PUBLIC
DISCONNECT
/*C7041*/SET SCHEMA PUBLIC
DISCONNECT
/*C7042*/SET SCHEMA PUBLIC
DISCONNECT
/*C7043*/SET SCHEMA PUBLIC
DISCONNECT
/*C7044*/SET SCHEMA PUBLIC
DISCONNECT
/*C7045*/SET SCHEMA PUBLIC
DISCONNECT
/*C7046*/SET SCHEMA PUBLIC
DISCONNECT
/*C7047*/SET SCHEMA PUBLIC
DISCONNECT
/*C7048*/SET SCHEMA PUBLIC
DISCONNECT
/*C7049*/SET SCHEMA PUBLIC
DISCONNECT
/*C7050*/SET SCHEMA PUBLIC
DISCONNECT
/*C7051*/SET SCHEMA PUBLIC
DISCONNECT
/*C7052*/SET SCHEMA PUBLIC
DISCONNECT
/*C7053*/SET SCHEMA PUBLIC
DISCONNECT
/*C7054*/SET SCHEMA PUBLIC
DISCONNECT
/*C7055*/SET SCHEMA PUBLIC
DISCONNECT
/*C7056*/SET SCHEMA PUBLIC
DISCONNECT
/*C7057*/SET SCHEMA PUBLIC
DISCONNECT
/*C7058*/SET SCHEMA PUBLIC
DISCONNECT
/*C7059*/SET SCHEMA PUBLIC
DISCONNECT
/*C7060*/SET SCHEMA PUBLIC
DISCONNECT
/*C7061*/SET SCHEMA PUBLIC
DISCONNECT
/*C7062*/SET SCHEMA PUBLIC
DISCONNECT
/*C7063*/SET SCHEMA PUBLIC
DISCONNECT
/*C7064*/SET SCHEMA PUBLIC
DISCONNECT
/*C7065*/SET SCHEMA PUBLIC
DISCONNECT
/*C7066*/SET SCHEMA PUBLIC
DISCONNECT
/*C7067*/SET SCHEMA PUBLIC
DISCONNECT
/*C7068*/SET SCHEMA PUBLIC
DISCONNECT
/*C7069*/SET SCHEMA PUBLIC
DISCONNECT
/*C7070*/SET SCHEMA PUBLIC
DISCONNECT
/*C7071*/SET SCHEMA PUBLIC
DISCONNECT
/*C7072*/SET SCHEMA PUBLIC
DISCONNECT
/*C7073*/SET SCHEMA PUBLIC
DISCONNECT
/*C7074*/SET SCHEMA PUBLIC
DISCONNECT
/*C7075*/SET SCHEMA PUBLIC
DISCONNECT
/*C7076*/SET SCHEMA PUBLIC
DISCONNECT
/*C7077*/SET SCHEMA PUBLIC
DISCONNECT
/*C7078*/SET SCHEMA PUBLIC
DISCONNECT
/*C7079*/SET SCHEMA PUBLIC
DISCONNECT
/*C7080*/SET SCHEMA PUBLIC
DISCONNECT
/*C7081*/SET SCHEMA PUBLIC
DISCONNECT
/*C7082*/SET SCHEMA PUBLIC
DISCONNECT
/*C7083*/SET SCHEMA PUBLIC
DISCONNECT
/*C7084*/SET SCHEMA PUBLIC
DISCONNECT
/*C7085*/SET SCHEMA PUBLIC
DISCONNECT
/*C7086*/SET SCHEMA PUBLIC
DISCONNECT
/*C7087*/SET SCHEMA PUBLIC
DISCONNECT
/*C7088*/SET SCHEMA PUBLIC
DISCONNECT
/*C7089*/SET SCHEMA PUBLIC
DISCONNECT
/*C7090*/SET SCHEMA PUBLIC
DISCONNECT
/*C7091*/SET SCHEMA PUBLIC
DISCONNECT
/*C7092*/SET SCHEMA PUBLIC
DISCONNECT
/*C7093*/SET SCHEMA PUBLIC
DISCONNECT
/*C7094*/SET SCHEMA PUBLIC
DISCONNECT
/*C7095*/SET SCHEMA PUBLIC
DISCONNECT
/*C7096*/SET SCHEMA PUBLIC
DISCONNECT
/*C7097*/SET SCHEMA PUBLIC
DISCONNECT
/*C7098*/SET SCHEMA PUBLIC
DISCONNECT
/*C7099*/SET SCHEMA PUBLIC
DISCONNECT
/*C7100*/SET SCHEMA PUBLIC
DISCONNECT
/*C7101*/SET SCHEMA PUBLIC
DISCONNECT
/*C7102*/SET SCHEMA PUBLIC
DISCONNECT
/*C7103*/SET SCHEMA PUBLIC
DISCONNECT
/*C7104*/SET SCHEMA PUBLIC
DISCONNECT
/*C7105*/SET SCHEMA PUBLIC
DISCONNECT
/*C7106*/SET SCHEMA PUBLIC
DISCONNECT
/*C7107*/SET SCHEMA PUBLIC
DISCONNECT
/*C7108*/SET SCHEMA PUBLIC
DISCONNECT
/*C7109*/SET SCHEMA PUBLIC
DISCONNECT
/*C7110*/SET SCHEMA PUBLIC
DISCONNECT
/*C7111*/SET SCHEMA PUBLIC
DISCONNECT
/*C7112*/SET SCHEMA PUBLIC
DISCONNECT
/*C7113*/SET SCHEMA PUBLIC
DISCONNECT
/*C7114*/SET SCHEMA PUBLIC
DISCONNECT
/*C7115*/SET SCHEMA PUBLIC
DISCONNECT
/*C7116*/SET SCHEMA PUBLIC
DISCONNECT
/*C7117*/SET SCHEMA PUBLIC
DISCONNECT
/*C7118*/SET SCHEMA PUBLIC
DISCONNECT
/*C7119*/SET SCHEMA PUBLIC
DISCONNECT
/*C7120*/SET SCHEMA PUBLIC
DISCONNECT
/*C7121*/SET SCHEMA PUBLIC
DISCONNECT
/*C7122*/SET SCHEMA PUBLIC
DISCONNECT
/*C7123*/SET SCHEMA PUBLIC
DISCONNECT
/*C7124*/SET SCHEMA PUBLIC
DISCONNECT
/*C7125*/SET SCHEMA PUBLIC
DISCONNECT
/*C7126*/SET SCHEMA PUBLIC
DISCONNECT
/*C7127*/SET SCHEMA PUBLIC
DISCONNECT
/*C7128*/SET SCHEMA PUBLIC
DISCONNECT
/*C7129*/SET SCHEMA PUBLIC
DISCONNECT
/*C7130*/SET SCHEMA PUBLIC
DISCONNECT
/*C7131*/SET SCHEMA PUBLIC
DISCONNECT
/*C7132*/SET SCHEMA PUBLIC
DISCONNECT
/*C7133*/SET SCHEMA PUBLIC
DISCONNECT
/*C7134*/SET SCHEMA PUBLIC
DISCONNECT
/*C7135*/SET SCHEMA PUBLIC
DISCONNECT
/*C7136*/SET SCHEMA PUBLIC
DISCONNECT
/*C7137*/SET SCHEMA PUBLIC
DISCONNECT
/*C7138*/SET SCHEMA PUBLIC
DISCONNECT
/*C7139*/SET SCHEMA PUBLIC
DISCONNECT
/*C7140*/SET SCHEMA PUBLIC
DISCONNECT
/*C7141*/SET SCHEMA PUBLIC
DISCONNECT
/*C7142*/SET SCHEMA PUBLIC
DISCONNECT
/*C7143*/SET SCHEMA PUBLIC
DISCONNECT
/*C7144*/SET SCHEMA PUBLIC
DISCONNECT
/*C7145*/SET SCHEMA PUBLIC
DISCONNECT
/*C7146*/SET SCHEMA PUBLIC
DISCONNECT
/*C7147*/SET SCHEMA PUBLIC
DISCONNECT
/*C7148*/SET SCHEMA PUBLIC
DISCONNECT
/*C7149*/SET SCHEMA PUBLIC
DISCONNECT
/*C7150*/SET SCHEMA PUBLIC
DISCONNECT
/*C7151*/SET SCHEMA PUBLIC
DISCONNECT
/*C7152*/SET SCHEMA PUBLIC
DISCONNECT
/*C7153*/SET SCHEMA PUBLIC
DISCONNECT
/*C7154*/SET SCHEMA PUBLIC
DISCONNECT
/*C7155*/SET SCHEMA PUBLIC
DISCONNECT
/*C7156*/SET SCHEMA PUBLIC
DISCONNECT
/*C7157*/SET SCHEMA PUBLIC
DISCONNECT
/*C7158*/SET SCHEMA PUBLIC
DISCONNECT
/*C7159*/SET SCHEMA PUBLIC
DISCONNECT
/*C7160*/SET SCHEMA PUBLIC
DISCONNECT
/*C7161*/SET SCHEMA PUBLIC
DISCONNECT
/*C7162*/SET SCHEMA PUBLIC
DISCONNECT
/*C7163*/SET SCHEMA PUBLIC
DISCONNECT
/*C7164*/SET SCHEMA PUBLIC
DISCONNECT
/*C7165*/SET SCHEMA PUBLIC
DISCONNECT
/*C7166*/SET SCHEMA PUBLIC
DISCONNECT
/*C7167*/SET SCHEMA PUBLIC
DISCONNECT
/*C7168*/SET SCHEMA PUBLIC
DISCONNECT
/*C7169*/SET SCHEMA PUBLIC
DISCONNECT
/*C7170*/SET SCHEMA PUBLIC
DISCONNECT
/*C7171*/SET SCHEMA PUBLIC
DISCONNECT
/*C7172*/SET SCHEMA PUBLIC
DISCONNECT
/*C7173*/SET SCHEMA PUBLIC
DISCONNECT
/*C7174*/SET SCHEMA PUBLIC
DISCONNECT
/*C7175*/SET SCHEMA PUBLIC
DISCONNECT
/*C7176*/SET SCHEMA PUBLIC
DISCONNECT
/*C7177*/SET SCHEMA PUBLIC
DISCONNECT
/*C7178*/SET SCHEMA PUBLIC
DISCONNECT
/*C7179*/SET SCHEMA PUBLIC
DISCONNECT
/*C7180*/SET SCHEMA PUBLIC
DISCONNECT
/*C7181*/SET SCHEMA PUBLIC
DISCONNECT
/*C7182*/SET SCHEMA PUBLIC
DISCONNECT
/*C7183*/SET SCHEMA PUBLIC
DISCONNECT
/*C7184*/SET SCHEMA PUBLIC
DISCONNECT
/*C7185*/SET SCHEMA PUBLIC
DISCONNECT
/*C7186*/SET SCHEMA PUBLIC
DISCONNECT
/*C7187*/SET SCHEMA PUBLIC
DISCONNECT
/*C7188*/SET SCHEMA PUBLIC
DISCONNECT
/*C7189*/SET SCHEMA PUBLIC
DISCONNECT
/*C7190*/SET SCHEMA PUBLIC
DISCONNECT
/*C7191*/SET SCHEMA PUBLIC
DISCONNECT
/*C7192*/SET SCHEMA PUBLIC
DISCONNECT
/*C7193*/SET SCHEMA PUBLIC
DISCONNECT
/*C7194*/SET SCHEMA PUBLIC
DISCONNECT
/*C7195*/SET SCHEMA PUBLIC
DISCONNECT
/*C7196*/SET SCHEMA PUBLIC
DISCONNECT
/*C7197*/SET SCHEMA PUBLIC
DISCONNECT
/*C7198*/SET SCHEMA PUBLIC
DISCONNECT
/*C7199*/SET SCHEMA PUBLIC
DISCONNECT
/*C7200*/SET SCHEMA PUBLIC
DISCONNECT
/*C7201*/SET SCHEMA PUBLIC
DISCONNECT
/*C7202*/SET SCHEMA PUBLIC
DISCONNECT
/*C7203*/SET SCHEMA PUBLIC
DISCONNECT
/*C7204*/SET SCHEMA PUBLIC
DISCONNECT
/*C7205*/SET SCHEMA PUBLIC
DISCONNECT
/*C7206*/SET SCHEMA PUBLIC
DISCONNECT
/*C7207*/SET SCHEMA PUBLIC
DISCONNECT
/*C7208*/SET SCHEMA PUBLIC
DISCONNECT
/*C7209*/SET SCHEMA PUBLIC
DISCONNECT
/*C7210*/SET SCHEMA PUBLIC
DISCONNECT
/*C7211*/SET SCHEMA PUBLIC
DISCONNECT
/*C7212*/SET SCHEMA PUBLIC
DISCONNECT
/*C7213*/SET SCHEMA PUBLIC
DISCONNECT
/*C7214*/SET SCHEMA PUBLIC
DISCONNECT
/*C7215*/SET SCHEMA PUBLIC
DISCONNECT
/*C7216*/SET SCHEMA PUBLIC
DISCONNECT
/*C7217*/SET SCHEMA PUBLIC
DISCONNECT
/*C7218*/SET SCHEMA PUBLIC
DISCONNECT
/*C7219*/SET SCHEMA PUBLIC
DISCONNECT
/*C7220*/SET SCHEMA PUBLIC
DISCONNECT
/*C7221*/SET SCHEMA PUBLIC
DISCONNECT
/*C7222*/SET SCHEMA PUBLIC
DISCONNECT
/*C7223*/SET SCHEMA PUBLIC
DISCONNECT
/*C7224*/SET SCHEMA PUBLIC
DISCONNECT
/*C7225*/SET SCHEMA PUBLIC
DISCONNECT
/*C7226*/SET SCHEMA PUBLIC
DISCONNECT
/*C7227*/SET SCHEMA PUBLIC
DISCONNECT
/*C7228*/SET SCHEMA PUBLIC
DISCONNECT
/*C7229*/SET SCHEMA PUBLIC
DISCONNECT
/*C7230*/SET SCHEMA PUBLIC
DISCONNECT
/*C7231*/SET SCHEMA PUBLIC
DISCONNECT
/*C7232*/SET SCHEMA PUBLIC
DISCONNECT
/*C7233*/SET SCHEMA PUBLIC
DISCONNECT
/*C7234*/SET SCHEMA PUBLIC
DISCONNECT
/*C7235*/SET SCHEMA PUBLIC
DISCONNECT
/*C7236*/SET SCHEMA PUBLIC
DISCONNECT
/*C7237*/SET SCHEMA PUBLIC
DISCONNECT
/*C7238*/SET SCHEMA PUBLIC
DISCONNECT
/*C7239*/SET SCHEMA PUBLIC
DISCONNECT
/*C7240*/SET SCHEMA PUBLIC
DISCONNECT
/*C7241*/SET SCHEMA PUBLIC
DISCONNECT
/*C7242*/SET SCHEMA PUBLIC
DISCONNECT
/*C7243*/SET SCHEMA PUBLIC
DISCONNECT
/*C7244*/SET SCHEMA PUBLIC
DISCONNECT
/*C7245*/SET SCHEMA PUBLIC
DISCONNECT
/*C7246*/SET SCHEMA PUBLIC
DISCONNECT
/*C7247*/SET SCHEMA PUBLIC
DISCONNECT
/*C7248*/SET SCHEMA PUBLIC
DISCONNECT
/*C7249*/SET SCHEMA PUBLIC
DISCONNECT
/*C7250*/SET SCHEMA PUBLIC
DISCONNECT
/*C7251*/SET SCHEMA PUBLIC
DISCONNECT
/*C7252*/SET SCHEMA PUBLIC
DISCONNECT
/*C7253*/SET SCHEMA PUBLIC
DISCONNECT
/*C7254*/SET SCHEMA PUBLIC
DISCONNECT
/*C7255*/SET SCHEMA PUBLIC
DISCONNECT
/*C7256*/SET SCHEMA PUBLIC
DISCONNECT
/*C7257*/SET SCHEMA PUBLIC
DISCONNECT
/*C7258*/SET SCHEMA PUBLIC
DISCONNECT
/*C7259*/SET SCHEMA PUBLIC
DISCONNECT
/*C7260*/SET SCHEMA PUBLIC
DISCONNECT
/*C7261*/SET SCHEMA PUBLIC
DISCONNECT
/*C7262*/SET SCHEMA PUBLIC
DISCONNECT
/*C7263*/SET SCHEMA PUBLIC
DISCONNECT
/*C7264*/SET SCHEMA PUBLIC
DISCONNECT
/*C7265*/SET SCHEMA PUBLIC
DISCONNECT
/*C7266*/SET SCHEMA PUBLIC
DISCONNECT
/*C7267*/SET SCHEMA PUBLIC
DISCONNECT
/*C7268*/SET SCHEMA PUBLIC
DISCONNECT
/*C7269*/SET SCHEMA PUBLIC
DISCONNECT
/*C7270*/SET SCHEMA PUBLIC
DISCONNECT
/*C7271*/SET SCHEMA PUBLIC
DISCONNECT
/*C7272*/SET SCHEMA PUBLIC
DISCONNECT
/*C7273*/SET SCHEMA PUBLIC
DISCONNECT
/*C7274*/SET SCHEMA PUBLIC
DISCONNECT
/*C7275*/SET SCHEMA PUBLIC
DISCONNECT
/*C7276*/SET SCHEMA PUBLIC
DISCONNECT
/*C7277*/SET SCHEMA PUBLIC
DISCONNECT
/*C7278*/SET SCHEMA PUBLIC
DISCONNECT
/*C7279*/SET SCHEMA PUBLIC
DISCONNECT
/*C7280*/SET SCHEMA PUBLIC
DISCONNECT
/*C7281*/SET SCHEMA PUBLIC
DISCONNECT
/*C7282*/SET SCHEMA PUBLIC
DISCONNECT
/*C7283*/SET SCHEMA PUBLIC
DISCONNECT
/*C7284*/SET SCHEMA PUBLIC
DISCONNECT
/*C7285*/SET SCHEMA PUBLIC
DISCONNECT
/*C7286*/SET SCHEMA PUBLIC
DISCONNECT
/*C7287*/SET SCHEMA PUBLIC
DISCONNECT
/*C7288*/SET SCHEMA PUBLIC
DISCONNECT
/*C7289*/SET SCHEMA PUBLIC
DISCONNECT
/*C7290*/SET SCHEMA PUBLIC
DISCONNECT
/*C7291*/SET SCHEMA PUBLIC
DISCONNECT
/*C7292*/SET SCHEMA PUBLIC
DISCONNECT
/*C7293*/SET SCHEMA PUBLIC
DISCONNECT
/*C7294*/SET SCHEMA PUBLIC
DISCONNECT
/*C7295*/SET SCHEMA PUBLIC
DISCONNECT
/*C7296*/SET SCHEMA PUBLIC
DISCONNECT
/*C7297*/SET SCHEMA PUBLIC
DISCONNECT
/*C7298*/SET SCHEMA PUBLIC
DISCONNECT
/*C7299*/SET SCHEMA PUBLIC
DISCONNECT
/*C7300*/SET SCHEMA PUBLIC
DISCONNECT
/*C7301*/SET SCHEMA PUBLIC
DISCONNECT
/*C7302*/SET SCHEMA PUBLIC
DISCONNECT
/*C7303*/SET SCHEMA PUBLIC
DISCONNECT
/*C7304*/SET SCHEMA PUBLIC
DISCONNECT
/*C7305*/SET SCHEMA PUBLIC
DISCONNECT
/*C7306*/SET SCHEMA PUBLIC
DISCONNECT
/*C7308*/SET SCHEMA PUBLIC
DISCONNECT
/*C7307*/SET SCHEMA PUBLIC
DISCONNECT
/*C7309*/SET SCHEMA PUBLIC
DISCONNECT
/*C7310*/SET SCHEMA PUBLIC
DISCONNECT
/*C7311*/SET SCHEMA PUBLIC
DISCONNECT
/*C7312*/SET SCHEMA PUBLIC
DISCONNECT
/*C7313*/SET SCHEMA PUBLIC
DISCONNECT
/*C7314*/SET SCHEMA PUBLIC
DISCONNECT
/*C7315*/SET SCHEMA PUBLIC
DISCONNECT
/*C7316*/SET SCHEMA PUBLIC
DISCONNECT
/*C7317*/SET SCHEMA PUBLIC
DISCONNECT
/*C7318*/SET SCHEMA PUBLIC
DISCONNECT
/*C7319*/SET SCHEMA PUBLIC
DISCONNECT
/*C7320*/SET SCHEMA PUBLIC
DISCONNECT
/*C7321*/SET SCHEMA PUBLIC
DISCONNECT
/*C7322*/SET SCHEMA PUBLIC
DISCONNECT
/*C7323*/SET SCHEMA PUBLIC
DISCONNECT
/*C7324*/SET SCHEMA PUBLIC
DISCONNECT
/*C7325*/SET SCHEMA PUBLIC
DISCONNECT
/*C7326*/SET SCHEMA PUBLIC
DISCONNECT
/*C7327*/SET SCHEMA PUBLIC
DISCONNECT
/*C7328*/SET SCHEMA PUBLIC
DISCONNECT
/*C7329*/SET SCHEMA PUBLIC
DISCONNECT
/*C7330*/SET SCHEMA PUBLIC
DISCONNECT
/*C7331*/SET SCHEMA PUBLIC
DISCONNECT
/*C7332*/SET SCHEMA PUBLIC
DISCONNECT
/*C7333*/SET SCHEMA PUBLIC
DISCONNECT
/*C7334*/SET SCHEMA PUBLIC
DISCONNECT
/*C7335*/SET SCHEMA PUBLIC
DISCONNECT
/*C7336*/SET SCHEMA PUBLIC
DISCONNECT
/*C7337*/SET SCHEMA PUBLIC
DISCONNECT
/*C7338*/SET SCHEMA PUBLIC
DISCONNECT
/*C7339*/SET SCHEMA PUBLIC
DISCONNECT
/*C7340*/SET SCHEMA PUBLIC
DISCONNECT
/*C7341*/SET SCHEMA PUBLIC
DISCONNECT
/*C7342*/SET SCHEMA PUBLIC
DISCONNECT
/*C7343*/SET SCHEMA PUBLIC
DISCONNECT
/*C7344*/SET SCHEMA PUBLIC
DISCONNECT
/*C7345*/SET SCHEMA PUBLIC
DISCONNECT
/*C7346*/SET SCHEMA PUBLIC
DISCONNECT
/*C7347*/SET SCHEMA PUBLIC
DISCONNECT
/*C7348*/SET SCHEMA PUBLIC
DISCONNECT
/*C7349*/SET SCHEMA PUBLIC
DISCONNECT
/*C7350*/SET SCHEMA PUBLIC
DISCONNECT
/*C7351*/SET SCHEMA PUBLIC
DISCONNECT
/*C7352*/SET SCHEMA PUBLIC
DISCONNECT
/*C7353*/SET SCHEMA PUBLIC
DISCONNECT
/*C7354*/SET SCHEMA PUBLIC
DISCONNECT
/*C7355*/SET SCHEMA PUBLIC
DISCONNECT
/*C7356*/SET SCHEMA PUBLIC
DISCONNECT
/*C7357*/SET SCHEMA PUBLIC
DISCONNECT
/*C7358*/SET SCHEMA PUBLIC
DISCONNECT
/*C7359*/SET SCHEMA PUBLIC
DISCONNECT
/*C7360*/SET SCHEMA PUBLIC
DISCONNECT
/*C7361*/SET SCHEMA PUBLIC
DISCONNECT
/*C7362*/SET SCHEMA PUBLIC
DISCONNECT
/*C7363*/SET SCHEMA PUBLIC
DISCONNECT
/*C7364*/SET SCHEMA PUBLIC
DISCONNECT
/*C7365*/SET SCHEMA PUBLIC
DISCONNECT
/*C7366*/SET SCHEMA PUBLIC
DISCONNECT
/*C7367*/SET SCHEMA PUBLIC
DISCONNECT
/*C7368*/SET SCHEMA PUBLIC
DISCONNECT
/*C7369*/SET SCHEMA PUBLIC
DISCONNECT
/*C7370*/SET SCHEMA PUBLIC
DISCONNECT
/*C7371*/SET SCHEMA PUBLIC
DISCONNECT
/*C7372*/SET SCHEMA PUBLIC
DISCONNECT
/*C7373*/SET SCHEMA PUBLIC
DISCONNECT
/*C7374*/SET SCHEMA PUBLIC
DISCONNECT
/*C7375*/SET SCHEMA PUBLIC
DISCONNECT
/*C7376*/SET SCHEMA PUBLIC
DISCONNECT
/*C7377*/SET SCHEMA PUBLIC
DISCONNECT
/*C7378*/SET SCHEMA PUBLIC
DISCONNECT
/*C7379*/SET SCHEMA PUBLIC
DISCONNECT
/*C7380*/SET SCHEMA PUBLIC
DISCONNECT
/*C7381*/SET SCHEMA PUBLIC
DISCONNECT
/*C7382*/SET SCHEMA PUBLIC
DISCONNECT
/*C7383*/SET SCHEMA PUBLIC
DISCONNECT
/*C7384*/SET SCHEMA PUBLIC
DISCONNECT
/*C7385*/SET SCHEMA PUBLIC
DISCONNECT
/*C7386*/SET SCHEMA PUBLIC
DISCONNECT
/*C7387*/SET SCHEMA PUBLIC
DISCONNECT
/*C7388*/SET SCHEMA PUBLIC
DISCONNECT
/*C7389*/SET SCHEMA PUBLIC
DISCONNECT
/*C7390*/SET SCHEMA PUBLIC
DISCONNECT
/*C7391*/SET SCHEMA PUBLIC
DISCONNECT
/*C7392*/SET SCHEMA PUBLIC
DISCONNECT
/*C7393*/SET SCHEMA PUBLIC
DISCONNECT
/*C7394*/SET SCHEMA PUBLIC
DISCONNECT
/*C7395*/SET SCHEMA PUBLIC
DISCONNECT
/*C7396*/SET SCHEMA PUBLIC
DISCONNECT
/*C7397*/SET SCHEMA PUBLIC
DISCONNECT
/*C7398*/SET SCHEMA PUBLIC
DISCONNECT
/*C7399*/SET SCHEMA PUBLIC
DISCONNECT
/*C7400*/SET SCHEMA PUBLIC
DISCONNECT
/*C7401*/SET SCHEMA PUBLIC
DISCONNECT
/*C7402*/SET SCHEMA PUBLIC
DISCONNECT
/*C7403*/SET SCHEMA PUBLIC
DISCONNECT
/*C7404*/SET SCHEMA PUBLIC
DISCONNECT
/*C7405*/SET SCHEMA PUBLIC
DISCONNECT
/*C7406*/SET SCHEMA PUBLIC
DISCONNECT
/*C7407*/SET SCHEMA PUBLIC
DISCONNECT
/*C7408*/SET SCHEMA PUBLIC
DISCONNECT
/*C7409*/SET SCHEMA PUBLIC
DISCONNECT
/*C7410*/SET SCHEMA PUBLIC
DISCONNECT
/*C7411*/SET SCHEMA PUBLIC
DISCONNECT
/*C7412*/SET SCHEMA PUBLIC
DISCONNECT
/*C7413*/SET SCHEMA PUBLIC
DISCONNECT
/*C7414*/SET SCHEMA PUBLIC
DISCONNECT
/*C7415*/SET SCHEMA PUBLIC
DISCONNECT
/*C7416*/SET SCHEMA PUBLIC
DISCONNECT
/*C7417*/SET SCHEMA PUBLIC
DISCONNECT
/*C7418*/SET SCHEMA PUBLIC
DISCONNECT
/*C7419*/SET SCHEMA PUBLIC
DISCONNECT
/*C7420*/SET SCHEMA PUBLIC
DISCONNECT
/*C7421*/SET SCHEMA PUBLIC
DISCONNECT
/*C7422*/SET SCHEMA PUBLIC
DISCONNECT
/*C7423*/SET SCHEMA PUBLIC
DISCONNECT
/*C7424*/SET SCHEMA PUBLIC
DISCONNECT
/*C7425*/SET SCHEMA PUBLIC
DISCONNECT
/*C7426*/SET SCHEMA PUBLIC
DISCONNECT
/*C7427*/SET SCHEMA PUBLIC
DISCONNECT
/*C7428*/SET SCHEMA PUBLIC
DISCONNECT
/*C7429*/SET SCHEMA PUBLIC
DISCONNECT
/*C7430*/SET SCHEMA PUBLIC
DISCONNECT
/*C7431*/SET SCHEMA PUBLIC
DISCONNECT
/*C7432*/SET SCHEMA PUBLIC
DISCONNECT
/*C7433*/SET SCHEMA PUBLIC
DISCONNECT
